[3.130s] Invoking command in '/home/jonathan/gripper/src/gripper_control': PYTHONPATH=/home/jonathan/gripper/build/gripper_control/prefix_override:/usr/lib/python3/dist-packages/colcon_core/task/python/colcon_distutils_commands:/home/jonathan/gripper/install/gripper_control/lib/python3.10/site-packages:${PYTHONPATH} /usr/bin/python3 -W ignore:setup.py install is deprecated -W ignore:easy_install command is deprecated setup.py egg_info --egg-base ../../build/gripper_control build --build-base /home/jonathan/gripper/build/gripper_control/build install --record /home/jonathan/gripper/build/gripper_control/install.log --single-version-externally-managed install_data
[4.333s] running egg_info
[4.335s] writing ../../build/gripper_control/gripper_control.egg-info/PKG-INFO
[4.337s] writing dependency_links to ../../build/gripper_control/gripper_control.egg-info/dependency_links.txt
[4.338s] writing entry points to ../../build/gripper_control/gripper_control.egg-info/entry_points.txt
[4.339s] writing requirements to ../../build/gripper_control/gripper_control.egg-info/requires.txt
[4.340s] writing top-level names to ../../build/gripper_control/gripper_control.egg-info/top_level.txt
[4.348s] reading manifest file '../../build/gripper_control/gripper_control.egg-info/SOURCES.txt'
[4.352s] writing manifest file '../../build/gripper_control/gripper_control.egg-info/SOURCES.txt'
[4.353s] running build
[4.354s] running build_py
[4.355s] running install
[4.357s] running install_lib
[4.363s] running install_data
[4.364s] running install_egg_info
[4.371s] removing '/home/jonathan/gripper/install/gripper_control/lib/python3.10/site-packages/gripper_control-0.0.1-py3.10.egg-info' (and everything under it)
[4.373s] Copying ../../build/gripper_control/gripper_control.egg-info to /home/jonathan/gripper/install/gripper_control/lib/python3.10/site-packages/gripper_control-0.0.1-py3.10.egg-info
[4.383s] running install_scripts
[4.470s] Installing servo_control_node script to /home/jonathan/gripper/install/gripper_control/lib/gripper_control
[4.471s] writing list of installed files to '/home/jonathan/gripper/build/gripper_control/install.log'
[4.611s] Invoked command in '/home/jonathan/gripper/src/gripper_control' returned '0': PYTHONPATH=/home/jonathan/gripper/build/gripper_control/prefix_override:/usr/lib/python3/dist-packages/colcon_core/task/python/colcon_distutils_commands:/home/jonathan/gripper/install/gripper_control/lib/python3.10/site-packages:${PYTHONPATH} /usr/bin/python3 -W ignore:setup.py install is deprecated -W ignore:easy_install command is deprecated setup.py egg_info --egg-base ../../build/gripper_control build --build-base /home/jonathan/gripper/build/gripper_control/build install --record /home/jonathan/gripper/build/gripper_control/install.log --single-version-externally-managed install_data
