[3.119s] Invoking command in '/home/jonathan/gripper/src/gripper_control': PYTHONPATH=/home/jonathan/gripper/build/gripper_control/prefix_override:/usr/lib/python3/dist-packages/colcon_core/task/python/colcon_distutils_commands:/home/jonathan/gripper/install/gripper_control/lib/python3.10/site-packages:${PYTHONPATH} /usr/bin/python3 -W ignore:setup.py install is deprecated -W ignore:easy_install command is deprecated setup.py egg_info --egg-base ../../build/gripper_control build --build-base /home/jonathan/gripper/build/gripper_control/build install --record /home/jonathan/gripper/build/gripper_control/install.log --single-version-externally-managed install_data
[4.324s] running egg_info
[4.327s] writing ../../build/gripper_control/gripper_control.egg-info/PKG-INFO
[4.328s] writing dependency_links to ../../build/gripper_control/gripper_control.egg-info/dependency_links.txt
[4.330s] writing entry points to ../../build/gripper_control/gripper_control.egg-info/entry_points.txt
[4.335s] writing requirements to ../../build/gripper_control/gripper_control.egg-info/requires.txt
[4.336s] writing top-level names to ../../build/gripper_control/gripper_control.egg-info/top_level.txt
[4.340s] reading manifest file '../../build/gripper_control/gripper_control.egg-info/SOURCES.txt'
[4.344s] writing manifest file '../../build/gripper_control/gripper_control.egg-info/SOURCES.txt'
[4.345s] running build
[4.346s] running build_py
[4.348s] running install
[4.349s] running install_lib
[4.356s] running install_data
[4.358s] copying launch/gripper.launch.py -> /home/jonathan/gripper/install/gripper_control/share/gripper_control/launch
[4.359s] running install_egg_info
[4.367s] removing '/home/jonathan/gripper/install/gripper_control/lib/python3.10/site-packages/gripper_control-0.0.1-py3.10.egg-info' (and everything under it)
[4.369s] Copying ../../build/gripper_control/gripper_control.egg-info to /home/jonathan/gripper/install/gripper_control/lib/python3.10/site-packages/gripper_control-0.0.1-py3.10.egg-info
[4.377s] running install_scripts
[4.465s] Installing servo_control_node script to /home/jonathan/gripper/install/gripper_control/lib/gripper_control
[4.467s] writing list of installed files to '/home/jonathan/gripper/build/gripper_control/install.log'
[4.603s] Invoked command in '/home/jonathan/gripper/src/gripper_control' returned '0': PYTHONPATH=/home/jonathan/gripper/build/gripper_control/prefix_override:/usr/lib/python3/dist-packages/colcon_core/task/python/colcon_distutils_commands:/home/jonathan/gripper/install/gripper_control/lib/python3.10/site-packages:${PYTHONPATH} /usr/bin/python3 -W ignore:setup.py install is deprecated -W ignore:easy_install command is deprecated setup.py egg_info --egg-base ../../build/gripper_control build --build-base /home/jonathan/gripper/build/gripper_control/build install --record /home/jonathan/gripper/build/gripper_control/install.log --single-version-externally-managed install_data
