running egg_info
writing ../../build/gripper_control/gripper_control.egg-info/PKG-INFO
writing dependency_links to ../../build/gripper_control/gripper_control.egg-info/dependency_links.txt
writing entry points to ../../build/gripper_control/gripper_control.egg-info/entry_points.txt
writing requirements to ../../build/gripper_control/gripper_control.egg-info/requires.txt
writing top-level names to ../../build/gripper_control/gripper_control.egg-info/top_level.txt
reading manifest file '../../build/gripper_control/gripper_control.egg-info/SOURCES.txt'
writing manifest file '../../build/gripper_control/gripper_control.egg-info/SOURCES.txt'
running build
running build_py
copying gripper_control/servo_controller.py -> /home/jonathan/gripper/build/gripper_control/build/lib/gripper_control
running install
running install_lib
copying /home/jonathan/gripper/build/gripper_control/build/lib/gripper_control/servo_controller.py -> /home/jonathan/gripper/install/gripper_control/lib/python3.10/site-packages/gripper_control
byte-compiling /home/jonathan/gripper/install/gripper_control/lib/python3.10/site-packages/gripper_control/servo_controller.py to servo_controller.cpython-310.pyc
running install_data
running install_egg_info
removing '/home/jonathan/gripper/install/gripper_control/lib/python3.10/site-packages/gripper_control-0.0.1-py3.10.egg-info' (and everything under it)
Copying ../../build/gripper_control/gripper_control.egg-info to /home/jonathan/gripper/install/gripper_control/lib/python3.10/site-packages/gripper_control-0.0.1-py3.10.egg-info
running install_scripts
Installing servo_control_node script to /home/jonathan/gripper/install/gripper_control/lib/gripper_control
writing list of installed files to '/home/jonathan/gripper/build/gripper_control/install.log'
