[5.609s] Invoking command in '/home/jonathan/gripper/src/gripper_control': PYTHONPATH=/home/jonathan/gripper/build/gripper_control/prefix_override:/usr/lib/python3/dist-packages/colcon_core/task/python/colcon_distutils_commands:/home/jonathan/gripper/install/gripper_control/lib/python3.10/site-packages:${PYTHONPATH} /usr/bin/python3 -W ignore:setup.py install is deprecated -W ignore:easy_install command is deprecated setup.py egg_info --egg-base ../../build/gripper_control build --build-base /home/jonathan/gripper/build/gripper_control/build install --record /home/jonathan/gripper/build/gripper_control/install.log --single-version-externally-managed install_data
[7.601s] running egg_info
[7.606s] writing ../../build/gripper_control/gripper_control.egg-info/PKG-INFO
[7.705s] writing dependency_links to ../../build/gripper_control/gripper_control.egg-info/dependency_links.txt
[7.850s] writing entry points to ../../build/gripper_control/gripper_control.egg-info/entry_points.txt
[7.857s] writing requirements to ../../build/gripper_control/gripper_control.egg-info/requires.txt
[7.858s] writing top-level names to ../../build/gripper_control/gripper_control.egg-info/top_level.txt
[7.867s] reading manifest file '../../build/gripper_control/gripper_control.egg-info/SOURCES.txt'
[7.878s] writing manifest file '../../build/gripper_control/gripper_control.egg-info/SOURCES.txt'
[7.883s] running build
[7.888s] running build_py
[7.892s] copying gripper_control/servo_controller.py -> /home/jonathan/gripper/build/gripper_control/build/lib/gripper_control
[7.895s] running install
[7.899s] running install_lib
[7.902s] copying /home/jonathan/gripper/build/gripper_control/build/lib/gripper_control/servo_controller.py -> /home/jonathan/gripper/install/gripper_control/lib/python3.10/site-packages/gripper_control
[7.905s] byte-compiling /home/jonathan/gripper/install/gripper_control/lib/python3.10/site-packages/gripper_control/servo_controller.py to servo_controller.cpython-310.pyc
[7.909s] running install_data
[7.913s] running install_egg_info
[7.928s] removing '/home/jonathan/gripper/install/gripper_control/lib/python3.10/site-packages/gripper_control-0.0.1-py3.10.egg-info' (and everything under it)
[7.929s] Copying ../../build/gripper_control/gripper_control.egg-info to /home/jonathan/gripper/install/gripper_control/lib/python3.10/site-packages/gripper_control-0.0.1-py3.10.egg-info
[7.944s] running install_scripts
[8.064s] Installing servo_control_node script to /home/jonathan/gripper/install/gripper_control/lib/gripper_control
[8.152s] writing list of installed files to '/home/jonathan/gripper/build/gripper_control/install.log'
[8.598s] Invoked command in '/home/jonathan/gripper/src/gripper_control' returned '0': PYTHONPATH=/home/jonathan/gripper/build/gripper_control/prefix_override:/usr/lib/python3/dist-packages/colcon_core/task/python/colcon_distutils_commands:/home/jonathan/gripper/install/gripper_control/lib/python3.10/site-packages:${PYTHONPATH} /usr/bin/python3 -W ignore:setup.py install is deprecated -W ignore:easy_install command is deprecated setup.py egg_info --egg-base ../../build/gripper_control build --build-base /home/jonathan/gripper/build/gripper_control/build install --record /home/jonathan/gripper/build/gripper_control/install.log --single-version-externally-managed install_data
