[4.961s] Invoking command in '/home/jonathan/gripper/src/gripper_control': PYTHONPATH=/home/jonathan/gripper/build/gripper_control/prefix_override:/usr/lib/python3/dist-packages/colcon_core/task/python/colcon_distutils_commands:/home/jonathan/gripper/install/gripper_control/lib/python3.10/site-packages:${PYTHONPATH} /usr/bin/python3 -W ignore:setup.py install is deprecated -W ignore:easy_install command is deprecated setup.py egg_info --egg-base ../../build/gripper_control build --build-base /home/jonathan/gripper/build/gripper_control/build install --record /home/jonathan/gripper/build/gripper_control/install.log --single-version-externally-managed install_data
[6.351s] running egg_info
[6.354s] writing ../../build/gripper_control/gripper_control.egg-info/PKG-INFO
[6.354s] writing dependency_links to ../../build/gripper_control/gripper_control.egg-info/dependency_links.txt
[6.356s] writing entry points to ../../build/gripper_control/gripper_control.egg-info/entry_points.txt
[6.357s] writing requirements to ../../build/gripper_control/gripper_control.egg-info/requires.txt
[6.357s] writing top-level names to ../../build/gripper_control/gripper_control.egg-info/top_level.txt
[6.364s] reading manifest file '../../build/gripper_control/gripper_control.egg-info/SOURCES.txt'
[6.369s] writing manifest file '../../build/gripper_control/gripper_control.egg-info/SOURCES.txt'
[6.370s] running build
[6.370s] running build_py
[6.372s] running install
[6.373s] running install_lib
[6.380s] running install_data
[6.381s] running install_egg_info
[6.388s] removing '/home/jonathan/gripper/install/gripper_control/lib/python3.10/site-packages/gripper_control-0.0.1-py3.10.egg-info' (and everything under it)
[6.390s] Copying ../../build/gripper_control/gripper_control.egg-info to /home/jonathan/gripper/install/gripper_control/lib/python3.10/site-packages/gripper_control-0.0.1-py3.10.egg-info
[6.398s] running install_scripts
[6.493s] Installing servo_control_node script to /home/jonathan/gripper/install/gripper_control/lib/gripper_control
[6.496s] Installing servo_controller script to /home/jonathan/gripper/install/gripper_control/lib/gripper_control
[6.497s] writing list of installed files to '/home/jonathan/gripper/build/gripper_control/install.log'
[6.656s] Invoked command in '/home/jonathan/gripper/src/gripper_control' returned '0': PYTHONPATH=/home/jonathan/gripper/build/gripper_control/prefix_override:/usr/lib/python3/dist-packages/colcon_core/task/python/colcon_distutils_commands:/home/jonathan/gripper/install/gripper_control/lib/python3.10/site-packages:${PYTHONPATH} /usr/bin/python3 -W ignore:setup.py install is deprecated -W ignore:easy_install command is deprecated setup.py egg_info --egg-base ../../build/gripper_control build --build-base /home/jonathan/gripper/build/gripper_control/build install --record /home/jonathan/gripper/build/gripper_control/install.log --single-version-externally-managed install_data
