[1.425s] DEBUG:colcon:Command line arguments: ['/usr/bin/colcon', 'build']
[1.426s] DEBUG:colcon:Parsed command line arguments: Namespace(log_base=None, log_level=None, verb_name='build', build_base='build', install_base='install', merge_install=False, symlink_install=False, test_result_base=None, continue_on_error=False, executor='parallel', parallel_workers=4, event_handlers=None, ignore_user_meta=False, metas=['./colcon.meta'], base_paths=['.'], packages_ignore=None, packages_ignore_regex=None, paths=None, packages_up_to=None, packages_up_to_regex=None, packages_above=None, packages_above_and_dependencies=None, packages_above_depth=None, packages_select_by_dep=None, packages_skip_by_dep=None, packages_skip_up_to=None, packages_select_build_failed=False, packages_skip_build_finished=False, packages_select_test_failures=False, packages_skip_test_passed=False, packages_select=None, packages_skip=None, packages_select_regex=None, packages_skip_regex=None, packages_start=None, packages_end=None, allow_overriding=[], cmake_args=None, cmake_target=None, cmake_target_skip_unavailable=False, cmake_clean_cache=False, cmake_clean_first=False, cmake_force_configure=False, ament_cmake_args=None, catkin_cmake_args=None, catkin_skip_building_tests=False, verb_parser=<colcon_defaults.argument_parser.defaults.DefaultArgumentsDecorator object at 0xffffbcff8370>, verb_extension=<colcon_core.verb.build.BuildVerb object at 0xffffbcfcbee0>, main=<bound method BuildVerb.main of <colcon_core.verb.build.BuildVerb object at 0xffffbcfcbee0>>)
[3.274s] Level 1:colcon.colcon_core.package_discovery:discover_packages(colcon_meta) check parameters
[3.275s] Level 1:colcon.colcon_core.package_discovery:discover_packages(recursive) check parameters
[3.275s] Level 1:colcon.colcon_core.package_discovery:discover_packages(ignore) check parameters
[3.276s] Level 1:colcon.colcon_core.package_discovery:discover_packages(path) check parameters
[3.276s] Level 1:colcon.colcon_core.package_discovery:discover_packages(colcon_meta) discover
[3.276s] Level 1:colcon.colcon_core.package_discovery:discover_packages(recursive) discover
[3.277s] INFO:colcon.colcon_core.package_discovery:Crawling recursively for packages in '/home/jonathan/gripper'
[3.277s] Level 1:colcon.colcon_core.package_identification:_identify(.) by extensions ['ignore', 'ignore_ament_install']
[3.279s] Level 1:colcon.colcon_core.package_identification:_identify(.) by extension 'ignore'
[3.279s] Level 1:colcon.colcon_core.package_identification:_identify(.) by extension 'ignore_ament_install'
[3.280s] Level 1:colcon.colcon_core.package_identification:_identify(.) by extensions ['colcon_pkg']
[3.280s] Level 1:colcon.colcon_core.package_identification:_identify(.) by extension 'colcon_pkg'
[3.280s] Level 1:colcon.colcon_core.package_identification:_identify(.) by extensions ['colcon_meta']
[3.280s] Level 1:colcon.colcon_core.package_identification:_identify(.) by extension 'colcon_meta'
[3.280s] Level 1:colcon.colcon_core.package_identification:_identify(.) by extensions ['ros']
[3.281s] Level 1:colcon.colcon_core.package_identification:_identify(.) by extension 'ros'
[3.342s] Level 1:colcon.colcon_core.package_identification:_identify(.) by extensions ['cmake', 'python']
[3.343s] Level 1:colcon.colcon_core.package_identification:_identify(.) by extension 'cmake'
[3.343s] Level 1:colcon.colcon_core.package_identification:_identify(.) by extension 'python'
[3.343s] Level 1:colcon.colcon_core.package_identification:_identify(.) by extensions ['python_setup_py']
[3.343s] Level 1:colcon.colcon_core.package_identification:_identify(.) by extension 'python_setup_py'
[3.344s] Level 1:colcon.colcon_core.package_identification:_identify(build) by extensions ['ignore', 'ignore_ament_install']
[3.344s] Level 1:colcon.colcon_core.package_identification:_identify(build) by extension 'ignore'
[3.345s] Level 1:colcon.colcon_core.package_identification:_identify(build) ignored
[3.345s] Level 1:colcon.colcon_core.package_identification:_identify(install) by extensions ['ignore', 'ignore_ament_install']
[3.346s] Level 1:colcon.colcon_core.package_identification:_identify(install) by extension 'ignore'
[3.346s] Level 1:colcon.colcon_core.package_identification:_identify(install) ignored
[3.346s] Level 1:colcon.colcon_core.package_identification:_identify(log) by extensions ['ignore', 'ignore_ament_install']
[3.347s] Level 1:colcon.colcon_core.package_identification:_identify(log) by extension 'ignore'
[3.347s] Level 1:colcon.colcon_core.package_identification:_identify(log) ignored
[3.347s] Level 1:colcon.colcon_core.package_identification:_identify(src) by extensions ['ignore', 'ignore_ament_install']
[3.347s] Level 1:colcon.colcon_core.package_identification:_identify(src) by extension 'ignore'
[3.348s] Level 1:colcon.colcon_core.package_identification:_identify(src) by extension 'ignore_ament_install'
[3.348s] Level 1:colcon.colcon_core.package_identification:_identify(src) by extensions ['colcon_pkg']
[3.348s] Level 1:colcon.colcon_core.package_identification:_identify(src) by extension 'colcon_pkg'
[3.348s] Level 1:colcon.colcon_core.package_identification:_identify(src) by extensions ['colcon_meta']
[3.348s] Level 1:colcon.colcon_core.package_identification:_identify(src) by extension 'colcon_meta'
[3.349s] Level 1:colcon.colcon_core.package_identification:_identify(src) by extensions ['ros']
[3.349s] Level 1:colcon.colcon_core.package_identification:_identify(src) by extension 'ros'
[3.349s] Level 1:colcon.colcon_core.package_identification:_identify(src) by extensions ['cmake', 'python']
[3.349s] Level 1:colcon.colcon_core.package_identification:_identify(src) by extension 'cmake'
[3.350s] Level 1:colcon.colcon_core.package_identification:_identify(src) by extension 'python'
[3.350s] Level 1:colcon.colcon_core.package_identification:_identify(src) by extensions ['python_setup_py']
[3.350s] Level 1:colcon.colcon_core.package_identification:_identify(src) by extension 'python_setup_py'
[3.351s] Level 1:colcon.colcon_core.package_identification:_identify(src/gripper_control) by extensions ['ignore', 'ignore_ament_install']
[3.351s] Level 1:colcon.colcon_core.package_identification:_identify(src/gripper_control) by extension 'ignore'
[3.352s] Level 1:colcon.colcon_core.package_identification:_identify(src/gripper_control) by extension 'ignore_ament_install'
[3.352s] Level 1:colcon.colcon_core.package_identification:_identify(src/gripper_control) by extensions ['colcon_pkg']
[3.352s] Level 1:colcon.colcon_core.package_identification:_identify(src/gripper_control) by extension 'colcon_pkg'
[3.353s] Level 1:colcon.colcon_core.package_identification:_identify(src/gripper_control) by extensions ['colcon_meta']
[3.353s] Level 1:colcon.colcon_core.package_identification:_identify(src/gripper_control) by extension 'colcon_meta'
[3.353s] Level 1:colcon.colcon_core.package_identification:_identify(src/gripper_control) by extensions ['ros']
[3.353s] Level 1:colcon.colcon_core.package_identification:_identify(src/gripper_control) by extension 'ros'
[3.368s] DEBUG:colcon.colcon_core.package_identification:Package 'src/gripper_control' with type 'ros.ament_python' and name 'gripper_servo_control'
[3.368s] Level 1:colcon.colcon_core.package_discovery:discover_packages(recursive) using defaults
[3.368s] Level 1:colcon.colcon_core.package_discovery:discover_packages(ignore) discover
[3.369s] Level 1:colcon.colcon_core.package_discovery:discover_packages(ignore) using defaults
[3.369s] Level 1:colcon.colcon_core.package_discovery:discover_packages(path) discover
[3.369s] Level 1:colcon.colcon_core.package_discovery:discover_packages(path) using defaults
[3.547s] Level 1:colcon.colcon_core.package_discovery:discover_packages(prefix_path) check parameters
[3.547s] Level 1:colcon.colcon_core.package_discovery:discover_packages(prefix_path) discover
[3.620s] DEBUG:colcon.colcon_installed_package_information.package_discovery:Found 304 installed packages in /opt/ros/humble
[3.627s] Level 1:colcon.colcon_core.package_discovery:discover_packages(prefix_path) using defaults
[3.869s] Level 5:colcon.colcon_core.verb:set package 'gripper_servo_control' build argument 'cmake_args' from command line to 'None'
[3.869s] Level 5:colcon.colcon_core.verb:set package 'gripper_servo_control' build argument 'cmake_target' from command line to 'None'
[3.869s] Level 5:colcon.colcon_core.verb:set package 'gripper_servo_control' build argument 'cmake_target_skip_unavailable' from command line to 'False'
[3.869s] Level 5:colcon.colcon_core.verb:set package 'gripper_servo_control' build argument 'cmake_clean_cache' from command line to 'False'
[3.869s] Level 5:colcon.colcon_core.verb:set package 'gripper_servo_control' build argument 'cmake_clean_first' from command line to 'False'
[3.870s] Level 5:colcon.colcon_core.verb:set package 'gripper_servo_control' build argument 'cmake_force_configure' from command line to 'False'
[3.870s] Level 5:colcon.colcon_core.verb:set package 'gripper_servo_control' build argument 'ament_cmake_args' from command line to 'None'
[3.870s] Level 5:colcon.colcon_core.verb:set package 'gripper_servo_control' build argument 'catkin_cmake_args' from command line to 'None'
[3.870s] Level 5:colcon.colcon_core.verb:set package 'gripper_servo_control' build argument 'catkin_skip_building_tests' from command line to 'False'
[3.870s] DEBUG:colcon.colcon_core.verb:Building package 'gripper_servo_control' with the following arguments: {'ament_cmake_args': None, 'build_base': '/home/jonathan/gripper/build/gripper_servo_control', 'catkin_cmake_args': None, 'catkin_skip_building_tests': False, 'cmake_args': None, 'cmake_clean_cache': False, 'cmake_clean_first': False, 'cmake_force_configure': False, 'cmake_target': None, 'cmake_target_skip_unavailable': False, 'install_base': '/home/jonathan/gripper/install/gripper_servo_control', 'merge_install': False, 'path': '/home/jonathan/gripper/src/gripper_control', 'symlink_install': False, 'test_result_base': None}
[3.871s] INFO:colcon.colcon_core.executor:Executing jobs using 'parallel' executor
[3.875s] DEBUG:colcon.colcon_parallel_executor.executor.parallel:run_until_complete
[3.876s] INFO:colcon.colcon_ros.task.ament_python.build:Building ROS package in '/home/jonathan/gripper/src/gripper_control' with build type 'ament_python'
[3.877s] Level 1:colcon.colcon_core.shell:create_environment_hook('gripper_servo_control', 'ament_prefix_path')
[3.910s] INFO:colcon.colcon_core.plugin_system:Skipping extension 'colcon_core.shell.bat': Not used on non-Windows systems
[3.911s] INFO:colcon.colcon_core.shell:Creating environment hook '/home/jonathan/gripper/install/gripper_servo_control/share/gripper_servo_control/hook/ament_prefix_path.ps1'
[3.919s] INFO:colcon.colcon_core.shell:Creating environment descriptor '/home/jonathan/gripper/install/gripper_servo_control/share/gripper_servo_control/hook/ament_prefix_path.dsv'
[3.923s] INFO:colcon.colcon_core.shell:Creating environment hook '/home/jonathan/gripper/install/gripper_servo_control/share/gripper_servo_control/hook/ament_prefix_path.sh'
[3.928s] INFO:colcon.colcon_core.shell:Skip shell extension 'powershell' for command environment: Not usable outside of PowerShell
[3.929s] DEBUG:colcon.colcon_core.shell:Skip shell extension 'dsv' for command environment
[5.712s] INFO:colcon.colcon_core.task.python.build:Building Python package in '/home/jonathan/gripper/src/gripper_control'
[5.713s] INFO:colcon.colcon_core.shell:Skip shell extension 'powershell' for command environment: Not usable outside of PowerShell
[5.714s] DEBUG:colcon.colcon_core.shell:Skip shell extension 'dsv' for command environment
[8.362s] DEBUG:colcon.colcon_core.event_handler.log_command:Invoking command in '/home/jonathan/gripper/src/gripper_control': PYTHONPATH=/home/jonathan/gripper/build/gripper_servo_control/prefix_override:/usr/lib/python3/dist-packages/colcon_core/task/python/colcon_distutils_commands:/home/jonathan/gripper/install/gripper_servo_control/lib/python3.10/site-packages:${PYTHONPATH} /usr/bin/python3 -W ignore:setup.py install is deprecated -W ignore:easy_install command is deprecated setup.py egg_info --egg-base ../../build/gripper_servo_control build --build-base /home/jonathan/gripper/build/gripper_servo_control/build install --record /home/jonathan/gripper/build/gripper_servo_control/install.log --single-version-externally-managed install_data
[9.923s] DEBUG:colcon.colcon_core.event_handler.log_command:Invoked command in '/home/jonathan/gripper/src/gripper_control' returned '1': PYTHONPATH=/home/jonathan/gripper/build/gripper_servo_control/prefix_override:/usr/lib/python3/dist-packages/colcon_core/task/python/colcon_distutils_commands:/home/jonathan/gripper/install/gripper_servo_control/lib/python3.10/site-packages:${PYTHONPATH} /usr/bin/python3 -W ignore:setup.py install is deprecated -W ignore:easy_install command is deprecated setup.py egg_info --egg-base ../../build/gripper_servo_control build --build-base /home/jonathan/gripper/build/gripper_servo_control/build install --record /home/jonathan/gripper/build/gripper_servo_control/install.log --single-version-externally-managed install_data
[9.932s] DEBUG:colcon.colcon_parallel_executor.executor.parallel:closing loop
[9.933s] DEBUG:colcon.colcon_parallel_executor.executor.parallel:loop closed
[9.933s] DEBUG:colcon.colcon_parallel_executor.executor.parallel:run_until_complete finished with '1'
[9.934s] DEBUG:colcon.colcon_core.event_reactor:joining thread
[9.977s] INFO:colcon.colcon_core.plugin_system:Skipping extension 'colcon_notification.desktop_notification.terminal_notifier': Not used on non-Darwin systems
[9.977s] INFO:colcon.colcon_core.plugin_system:Skipping extension 'colcon_notification.desktop_notification.win32': Not used on non-Windows systems
[9.978s] INFO:colcon.colcon_notification.desktop_notification:Sending desktop notification using 'notify2'
[10.111s] DEBUG:colcon.colcon_core.event_reactor:joined thread
[10.114s] INFO:colcon.colcon_core.shell:Creating prefix script '/home/jonathan/gripper/install/local_setup.ps1'
[10.125s] INFO:colcon.colcon_core.shell:Creating prefix util module '/home/jonathan/gripper/install/_local_setup_util_ps1.py'
[10.140s] INFO:colcon.colcon_core.shell:Creating prefix chain script '/home/jonathan/gripper/install/setup.ps1'
[10.152s] INFO:colcon.colcon_core.shell:Creating prefix script '/home/jonathan/gripper/install/local_setup.sh'
[10.159s] INFO:colcon.colcon_core.shell:Creating prefix util module '/home/jonathan/gripper/install/_local_setup_util_sh.py'
[10.163s] INFO:colcon.colcon_core.shell:Creating prefix chain script '/home/jonathan/gripper/install/setup.sh'
[10.170s] INFO:colcon.colcon_core.shell:Creating prefix script '/home/jonathan/gripper/install/local_setup.bash'
[10.178s] INFO:colcon.colcon_core.shell:Creating prefix chain script '/home/jonathan/gripper/install/setup.bash'
[10.185s] INFO:colcon.colcon_core.shell:Creating prefix script '/home/jonathan/gripper/install/local_setup.zsh'
[10.192s] INFO:colcon.colcon_core.shell:Creating prefix chain script '/home/jonathan/gripper/install/setup.zsh'
