[1.778s] DEBUG:colcon:Command line arguments: ['/usr/bin/colcon', 'build']
[1.778s] DEBUG:colcon:Parsed command line arguments: Namespace(log_base=None, log_level=None, verb_name='build', build_base='build', install_base='install', merge_install=False, symlink_install=False, test_result_base=None, continue_on_error=False, executor='parallel', parallel_workers=4, event_handlers=None, ignore_user_meta=False, metas=['./colcon.meta'], base_paths=['.'], packages_ignore=None, packages_ignore_regex=None, paths=None, packages_up_to=None, packages_up_to_regex=None, packages_above=None, packages_above_and_dependencies=None, packages_above_depth=None, packages_select_by_dep=None, packages_skip_by_dep=None, packages_skip_up_to=None, packages_select_build_failed=False, packages_skip_build_finished=False, packages_select_test_failures=False, packages_skip_test_passed=False, packages_select=None, packages_skip=None, packages_select_regex=None, packages_skip_regex=None, packages_start=None, packages_end=None, allow_overriding=[], cmake_args=None, cmake_target=None, cmake_target_skip_unavailable=False, cmake_clean_cache=False, cmake_clean_first=False, cmake_force_configure=False, ament_cmake_args=None, catkin_cmake_args=None, catkin_skip_building_tests=False, verb_parser=<colcon_defaults.argument_parser.defaults.DefaultArgumentsDecorator object at 0xffffa1888370>, verb_extension=<colcon_core.verb.build.BuildVerb object at 0xffffa185bee0>, main=<bound method BuildVerb.main of <colcon_core.verb.build.BuildVerb object at 0xffffa185bee0>>)
[3.688s] Level 1:colcon.colcon_core.package_discovery:discover_packages(colcon_meta) check parameters
[3.688s] Level 1:colcon.colcon_core.package_discovery:discover_packages(recursive) check parameters
[3.689s] Level 1:colcon.colcon_core.package_discovery:discover_packages(ignore) check parameters
[3.689s] Level 1:colcon.colcon_core.package_discovery:discover_packages(path) check parameters
[3.689s] Level 1:colcon.colcon_core.package_discovery:discover_packages(colcon_meta) discover
[3.689s] Level 1:colcon.colcon_core.package_discovery:discover_packages(recursive) discover
[3.690s] INFO:colcon.colcon_core.package_discovery:Crawling recursively for packages in '/home/jonathan/gripper'
[3.690s] Level 1:colcon.colcon_core.package_identification:_identify(.) by extensions ['ignore', 'ignore_ament_install']
[3.691s] Level 1:colcon.colcon_core.package_identification:_identify(.) by extension 'ignore'
[3.692s] Level 1:colcon.colcon_core.package_identification:_identify(.) by extension 'ignore_ament_install'
[3.692s] Level 1:colcon.colcon_core.package_identification:_identify(.) by extensions ['colcon_pkg']
[3.692s] Level 1:colcon.colcon_core.package_identification:_identify(.) by extension 'colcon_pkg'
[3.692s] Level 1:colcon.colcon_core.package_identification:_identify(.) by extensions ['colcon_meta']
[3.693s] Level 1:colcon.colcon_core.package_identification:_identify(.) by extension 'colcon_meta'
[3.693s] Level 1:colcon.colcon_core.package_identification:_identify(.) by extensions ['ros']
[3.693s] Level 1:colcon.colcon_core.package_identification:_identify(.) by extension 'ros'
[3.857s] Level 1:colcon.colcon_core.package_identification:_identify(.) by extensions ['cmake', 'python']
[3.857s] Level 1:colcon.colcon_core.package_identification:_identify(.) by extension 'cmake'
[3.857s] Level 1:colcon.colcon_core.package_identification:_identify(.) by extension 'python'
[3.858s] Level 1:colcon.colcon_core.package_identification:_identify(.) by extensions ['python_setup_py']
[3.858s] Level 1:colcon.colcon_core.package_identification:_identify(.) by extension 'python_setup_py'
[3.858s] Level 1:colcon.colcon_core.package_identification:_identify(build) by extensions ['ignore', 'ignore_ament_install']
[3.859s] Level 1:colcon.colcon_core.package_identification:_identify(build) by extension 'ignore'
[3.859s] Level 1:colcon.colcon_core.package_identification:_identify(build) ignored
[3.860s] Level 1:colcon.colcon_core.package_identification:_identify(install) by extensions ['ignore', 'ignore_ament_install']
[3.860s] Level 1:colcon.colcon_core.package_identification:_identify(install) by extension 'ignore'
[3.860s] Level 1:colcon.colcon_core.package_identification:_identify(install) ignored
[3.861s] Level 1:colcon.colcon_core.package_identification:_identify(log) by extensions ['ignore', 'ignore_ament_install']
[3.861s] Level 1:colcon.colcon_core.package_identification:_identify(log) by extension 'ignore'
[3.862s] Level 1:colcon.colcon_core.package_identification:_identify(log) ignored
[3.862s] Level 1:colcon.colcon_core.package_identification:_identify(src) by extensions ['ignore', 'ignore_ament_install']
[3.862s] Level 1:colcon.colcon_core.package_identification:_identify(src) by extension 'ignore'
[3.863s] Level 1:colcon.colcon_core.package_identification:_identify(src) by extension 'ignore_ament_install'
[3.863s] Level 1:colcon.colcon_core.package_identification:_identify(src) by extensions ['colcon_pkg']
[3.863s] Level 1:colcon.colcon_core.package_identification:_identify(src) by extension 'colcon_pkg'
[3.863s] Level 1:colcon.colcon_core.package_identification:_identify(src) by extensions ['colcon_meta']
[3.864s] Level 1:colcon.colcon_core.package_identification:_identify(src) by extension 'colcon_meta'
[3.864s] Level 1:colcon.colcon_core.package_identification:_identify(src) by extensions ['ros']
[3.864s] Level 1:colcon.colcon_core.package_identification:_identify(src) by extension 'ros'
[3.864s] Level 1:colcon.colcon_core.package_identification:_identify(src) by extensions ['cmake', 'python']
[3.865s] Level 1:colcon.colcon_core.package_identification:_identify(src) by extension 'cmake'
[3.865s] Level 1:colcon.colcon_core.package_identification:_identify(src) by extension 'python'
[3.865s] Level 1:colcon.colcon_core.package_identification:_identify(src) by extensions ['python_setup_py']
[3.865s] Level 1:colcon.colcon_core.package_identification:_identify(src) by extension 'python_setup_py'
[3.866s] Level 1:colcon.colcon_core.package_identification:_identify(src/gripper_control) by extensions ['ignore', 'ignore_ament_install']
[3.866s] Level 1:colcon.colcon_core.package_identification:_identify(src/gripper_control) by extension 'ignore'
[3.866s] Level 1:colcon.colcon_core.package_identification:_identify(src/gripper_control) by extension 'ignore_ament_install'
[3.867s] Level 1:colcon.colcon_core.package_identification:_identify(src/gripper_control) by extensions ['colcon_pkg']
[3.867s] Level 1:colcon.colcon_core.package_identification:_identify(src/gripper_control) by extension 'colcon_pkg'
[3.867s] Level 1:colcon.colcon_core.package_identification:_identify(src/gripper_control) by extensions ['colcon_meta']
[3.867s] Level 1:colcon.colcon_core.package_identification:_identify(src/gripper_control) by extension 'colcon_meta'
[3.868s] Level 1:colcon.colcon_core.package_identification:_identify(src/gripper_control) by extensions ['ros']
[3.868s] Level 1:colcon.colcon_core.package_identification:_identify(src/gripper_control) by extension 'ros'
[3.889s] DEBUG:colcon.colcon_core.package_identification:Package 'src/gripper_control' with type 'ros.ament_python' and name 'gripper_control'
[3.890s] Level 1:colcon.colcon_core.package_discovery:discover_packages(recursive) using defaults
[3.890s] Level 1:colcon.colcon_core.package_discovery:discover_packages(ignore) discover
[3.890s] Level 1:colcon.colcon_core.package_discovery:discover_packages(ignore) using defaults
[3.890s] Level 1:colcon.colcon_core.package_discovery:discover_packages(path) discover
[3.890s] Level 1:colcon.colcon_core.package_discovery:discover_packages(path) using defaults
[4.165s] Level 1:colcon.colcon_core.package_discovery:discover_packages(prefix_path) check parameters
[4.165s] Level 1:colcon.colcon_core.package_discovery:discover_packages(prefix_path) discover
[4.226s] DEBUG:colcon.colcon_installed_package_information.package_discovery:Found 304 installed packages in /opt/ros/humble
[4.234s] Level 1:colcon.colcon_core.package_discovery:discover_packages(prefix_path) using defaults
[4.438s] Level 5:colcon.colcon_core.verb:set package 'gripper_control' build argument 'cmake_args' from command line to 'None'
[4.438s] Level 5:colcon.colcon_core.verb:set package 'gripper_control' build argument 'cmake_target' from command line to 'None'
[4.438s] Level 5:colcon.colcon_core.verb:set package 'gripper_control' build argument 'cmake_target_skip_unavailable' from command line to 'False'
[4.438s] Level 5:colcon.colcon_core.verb:set package 'gripper_control' build argument 'cmake_clean_cache' from command line to 'False'
[4.439s] Level 5:colcon.colcon_core.verb:set package 'gripper_control' build argument 'cmake_clean_first' from command line to 'False'
[4.439s] Level 5:colcon.colcon_core.verb:set package 'gripper_control' build argument 'cmake_force_configure' from command line to 'False'
[4.439s] Level 5:colcon.colcon_core.verb:set package 'gripper_control' build argument 'ament_cmake_args' from command line to 'None'
[4.439s] Level 5:colcon.colcon_core.verb:set package 'gripper_control' build argument 'catkin_cmake_args' from command line to 'None'
[4.439s] Level 5:colcon.colcon_core.verb:set package 'gripper_control' build argument 'catkin_skip_building_tests' from command line to 'False'
[4.439s] DEBUG:colcon.colcon_core.verb:Building package 'gripper_control' with the following arguments: {'ament_cmake_args': None, 'build_base': '/home/jonathan/gripper/build/gripper_control', 'catkin_cmake_args': None, 'catkin_skip_building_tests': False, 'cmake_args': None, 'cmake_clean_cache': False, 'cmake_clean_first': False, 'cmake_force_configure': False, 'cmake_target': None, 'cmake_target_skip_unavailable': False, 'install_base': '/home/jonathan/gripper/install/gripper_control', 'merge_install': False, 'path': '/home/jonathan/gripper/src/gripper_control', 'symlink_install': False, 'test_result_base': None}
[4.440s] INFO:colcon.colcon_core.executor:Executing jobs using 'parallel' executor
[4.443s] DEBUG:colcon.colcon_parallel_executor.executor.parallel:run_until_complete
[4.445s] INFO:colcon.colcon_ros.task.ament_python.build:Building ROS package in '/home/jonathan/gripper/src/gripper_control' with build type 'ament_python'
[4.445s] Level 1:colcon.colcon_core.shell:create_environment_hook('gripper_control', 'ament_prefix_path')
[4.470s] INFO:colcon.colcon_core.plugin_system:Skipping extension 'colcon_core.shell.bat': Not used on non-Windows systems
[4.472s] INFO:colcon.colcon_core.shell:Creating environment hook '/home/jonathan/gripper/install/gripper_control/share/gripper_control/hook/ament_prefix_path.ps1'
[4.477s] INFO:colcon.colcon_core.shell:Creating environment descriptor '/home/jonathan/gripper/install/gripper_control/share/gripper_control/hook/ament_prefix_path.dsv'
[4.483s] INFO:colcon.colcon_core.shell:Creating environment hook '/home/jonathan/gripper/install/gripper_control/share/gripper_control/hook/ament_prefix_path.sh'
[4.489s] INFO:colcon.colcon_core.shell:Skip shell extension 'powershell' for command environment: Not usable outside of PowerShell
[4.489s] DEBUG:colcon.colcon_core.shell:Skip shell extension 'dsv' for command environment
[5.838s] INFO:colcon.colcon_core.task.python.build:Building Python package in '/home/jonathan/gripper/src/gripper_control'
[5.839s] INFO:colcon.colcon_core.shell:Skip shell extension 'powershell' for command environment: Not usable outside of PowerShell
[5.840s] DEBUG:colcon.colcon_core.shell:Skip shell extension 'dsv' for command environment
[8.587s] DEBUG:colcon.colcon_core.event_handler.log_command:Invoking command in '/home/jonathan/gripper/src/gripper_control': PYTHONPATH=/home/jonathan/gripper/build/gripper_control/prefix_override:/usr/lib/python3/dist-packages/colcon_core/task/python/colcon_distutils_commands:/home/jonathan/gripper/install/gripper_control/lib/python3.10/site-packages:${PYTHONPATH} /usr/bin/python3 -W ignore:setup.py install is deprecated -W ignore:easy_install command is deprecated setup.py egg_info --egg-base ../../build/gripper_control build --build-base /home/jonathan/gripper/build/gripper_control/build install --record /home/jonathan/gripper/build/gripper_control/install.log --single-version-externally-managed install_data
[10.080s] DEBUG:colcon.colcon_core.event_handler.log_command:Invoked command in '/home/jonathan/gripper/src/gripper_control' returned '0': PYTHONPATH=/home/jonathan/gripper/build/gripper_control/prefix_override:/usr/lib/python3/dist-packages/colcon_core/task/python/colcon_distutils_commands:/home/jonathan/gripper/install/gripper_control/lib/python3.10/site-packages:${PYTHONPATH} /usr/bin/python3 -W ignore:setup.py install is deprecated -W ignore:easy_install command is deprecated setup.py egg_info --egg-base ../../build/gripper_control build --build-base /home/jonathan/gripper/build/gripper_control/build install --record /home/jonathan/gripper/build/gripper_control/install.log --single-version-externally-managed install_data
[10.107s] Level 1:colcon.colcon_core.environment:checking '/home/jonathan/gripper/install/gripper_control' for CMake module files
[10.110s] Level 1:colcon.colcon_core.environment:checking '/home/jonathan/gripper/install/gripper_control' for CMake config files
[10.119s] Level 1:colcon.colcon_core.environment:checking '/home/jonathan/gripper/install/gripper_control/lib'
[10.121s] Level 1:colcon.colcon_core.environment:checking '/home/jonathan/gripper/install/gripper_control/bin'
[10.121s] Level 1:colcon.colcon_core.environment:checking '/home/jonathan/gripper/install/gripper_control/lib/pkgconfig/gripper_control.pc'
[10.122s] Level 1:colcon.colcon_core.environment:checking '/home/jonathan/gripper/install/gripper_control/lib/python3.10/site-packages'
[10.123s] Level 1:colcon.colcon_core.shell:create_environment_hook('gripper_control', 'pythonpath')
[10.125s] INFO:colcon.colcon_core.shell:Creating environment hook '/home/jonathan/gripper/install/gripper_control/share/gripper_control/hook/pythonpath.ps1'
[10.127s] INFO:colcon.colcon_core.shell:Creating environment descriptor '/home/jonathan/gripper/install/gripper_control/share/gripper_control/hook/pythonpath.dsv'
[10.130s] INFO:colcon.colcon_core.shell:Creating environment hook '/home/jonathan/gripper/install/gripper_control/share/gripper_control/hook/pythonpath.sh'
[10.133s] Level 1:colcon.colcon_core.environment:checking '/home/jonathan/gripper/install/gripper_control/bin'
[10.134s] Level 1:colcon.colcon_core.environment:create_environment_scripts_only(gripper_control)
[10.135s] INFO:colcon.colcon_core.shell:Creating package script '/home/jonathan/gripper/install/gripper_control/share/gripper_control/package.ps1'
[10.140s] INFO:colcon.colcon_core.shell:Creating package descriptor '/home/jonathan/gripper/install/gripper_control/share/gripper_control/package.dsv'
[10.144s] INFO:colcon.colcon_core.shell:Creating package script '/home/jonathan/gripper/install/gripper_control/share/gripper_control/package.sh'
[10.149s] INFO:colcon.colcon_core.shell:Creating package script '/home/jonathan/gripper/install/gripper_control/share/gripper_control/package.bash'
[10.155s] INFO:colcon.colcon_core.shell:Creating package script '/home/jonathan/gripper/install/gripper_control/share/gripper_control/package.zsh'
[10.161s] Level 1:colcon.colcon_core.environment:create_file_with_runtime_dependencies(/home/jonathan/gripper/install/gripper_control/share/colcon-core/packages/gripper_control)
[10.163s] DEBUG:colcon.colcon_parallel_executor.executor.parallel:closing loop
[10.164s] DEBUG:colcon.colcon_parallel_executor.executor.parallel:loop closed
[10.165s] DEBUG:colcon.colcon_parallel_executor.executor.parallel:run_until_complete finished with '0'
[10.165s] DEBUG:colcon.colcon_core.event_reactor:joining thread
[10.197s] INFO:colcon.colcon_core.plugin_system:Skipping extension 'colcon_notification.desktop_notification.terminal_notifier': Not used on non-Darwin systems
[10.198s] INFO:colcon.colcon_core.plugin_system:Skipping extension 'colcon_notification.desktop_notification.win32': Not used on non-Windows systems
[10.198s] INFO:colcon.colcon_notification.desktop_notification:Sending desktop notification using 'notify2'
[10.321s] DEBUG:colcon.colcon_core.event_reactor:joined thread
[10.323s] INFO:colcon.colcon_core.shell:Creating prefix script '/home/jonathan/gripper/install/local_setup.ps1'
[10.334s] INFO:colcon.colcon_core.shell:Creating prefix util module '/home/jonathan/gripper/install/_local_setup_util_ps1.py'
[10.348s] INFO:colcon.colcon_core.shell:Creating prefix chain script '/home/jonathan/gripper/install/setup.ps1'
[10.356s] INFO:colcon.colcon_core.shell:Creating prefix script '/home/jonathan/gripper/install/local_setup.sh'
[10.364s] INFO:colcon.colcon_core.shell:Creating prefix util module '/home/jonathan/gripper/install/_local_setup_util_sh.py'
[10.368s] INFO:colcon.colcon_core.shell:Creating prefix chain script '/home/jonathan/gripper/install/setup.sh'
[10.378s] INFO:colcon.colcon_core.shell:Creating prefix script '/home/jonathan/gripper/install/local_setup.bash'
[10.383s] INFO:colcon.colcon_core.shell:Creating prefix chain script '/home/jonathan/gripper/install/setup.bash'
[10.390s] INFO:colcon.colcon_core.shell:Creating prefix script '/home/jonathan/gripper/install/local_setup.zsh'
[10.395s] INFO:colcon.colcon_core.shell:Creating prefix chain script '/home/jonathan/gripper/install/setup.zsh'
