/home/jonathan/gripper/install/gripper_control/lib/python3.10/site-packages/gripper_control/servo_controller.py
/home/jonathan/gripper/install/gripper_control/lib/python3.10/site-packages/gripper_control/__init__.py
/home/jonathan/gripper/install/gripper_control/lib/python3.10/site-packages/gripper_control/servo_control_node.py
/home/jonathan/gripper/install/gripper_control/lib/python3.10/site-packages/gripper_control/__pycache__/servo_controller.cpython-310.pyc
/home/jonathan/gripper/install/gripper_control/lib/python3.10/site-packages/gripper_control/__pycache__/__init__.cpython-310.pyc
/home/jonathan/gripper/install/gripper_control/lib/python3.10/site-packages/gripper_control/__pycache__/servo_control_node.cpython-310.pyc
/home/jonathan/gripper/install/gripper_control/share/ament_index/resource_index/packages/gripper_control
/home/jonathan/gripper/install/gripper_control/share/gripper_control/package.xml
/home/jonathan/gripper/install/gripper_control/share/gripper_control/launch/push_motor.launch.py
/home/jonathan/gripper/install/gripper_control/share/gripper_control/launch/rotate_motor.launch.py
/home/jonathan/gripper/install/gripper_control/share/gripper_control/launch/gripper.launch.py
/home/jonathan/gripper/install/gripper_control/lib/python3.10/site-packages/gripper_control-0.0.1-py3.10.egg-info/zip-safe
/home/jonathan/gripper/install/gripper_control/lib/python3.10/site-packages/gripper_control-0.0.1-py3.10.egg-info/PKG-INFO
/home/jonathan/gripper/install/gripper_control/lib/python3.10/site-packages/gripper_control-0.0.1-py3.10.egg-info/top_level.txt
/home/jonathan/gripper/install/gripper_control/lib/python3.10/site-packages/gripper_control-0.0.1-py3.10.egg-info/requires.txt
/home/jonathan/gripper/install/gripper_control/lib/python3.10/site-packages/gripper_control-0.0.1-py3.10.egg-info/entry_points.txt
/home/jonathan/gripper/install/gripper_control/lib/python3.10/site-packages/gripper_control-0.0.1-py3.10.egg-info/dependency_links.txt
/home/jonathan/gripper/install/gripper_control/lib/python3.10/site-packages/gripper_control-0.0.1-py3.10.egg-info/SOURCES.txt
/home/jonathan/gripper/install/gripper_control/lib/gripper_control/servo_control_node
/home/jonathan/gripper/install/gripper_control/lib/gripper_control/servo_controller
