[0.703s] DEBUG:colcon:Command line arguments: ['/usr/bin/colcon', 'build']
[0.704s] DEBUG:colcon:Parsed command line arguments: Namespace(log_base=None, log_level=None, verb_name='build', build_base='build', install_base='install', merge_install=False, symlink_install=False, test_result_base=None, continue_on_error=False, executor='parallel', parallel_workers=4, event_handlers=None, ignore_user_meta=False, metas=['./colcon.meta'], base_paths=['.'], packages_ignore=None, packages_ignore_regex=None, paths=None, packages_up_to=None, packages_up_to_regex=None, packages_above=None, packages_above_and_dependencies=None, packages_above_depth=None, packages_select_by_dep=None, packages_skip_by_dep=None, packages_skip_up_to=None, packages_select_build_failed=False, packages_skip_build_finished=False, packages_select_test_failures=False, packages_skip_test_passed=False, packages_select=None, packages_skip=None, packages_select_regex=None, packages_skip_regex=None, packages_start=None, packages_end=None, allow_overriding=[], cmake_args=None, cmake_target=None, cmake_target_skip_unavailable=False, cmake_clean_cache=False, cmake_clean_first=False, cmake_force_configure=False, ament_cmake_args=None, catkin_cmake_args=None, catkin_skip_building_tests=False, verb_parser=<colcon_defaults.argument_parser.defaults.DefaultArgumentsDecorator object at 0xffffb2bd8370>, verb_extension=<colcon_core.verb.build.BuildVerb object at 0xffffb2babee0>, main=<bound method BuildVerb.main of <colcon_core.verb.build.BuildVerb object at 0xffffb2babee0>>)
[2.314s] Level 1:colcon.colcon_core.package_discovery:discover_packages(colcon_meta) check parameters
[2.315s] Level 1:colcon.colcon_core.package_discovery:discover_packages(recursive) check parameters
[2.316s] Level 1:colcon.colcon_core.package_discovery:discover_packages(ignore) check parameters
[2.316s] Level 1:colcon.colcon_core.package_discovery:discover_packages(path) check parameters
[2.316s] Level 1:colcon.colcon_core.package_discovery:discover_packages(colcon_meta) discover
[2.317s] Level 1:colcon.colcon_core.package_discovery:discover_packages(recursive) discover
[2.317s] INFO:colcon.colcon_core.package_discovery:Crawling recursively for packages in '/home/jonathan/gripper'
[2.318s] Level 1:colcon.colcon_core.package_identification:_identify(.) by extensions ['ignore', 'ignore_ament_install']
[2.319s] Level 1:colcon.colcon_core.package_identification:_identify(.) by extension 'ignore'
[2.320s] Level 1:colcon.colcon_core.package_identification:_identify(.) by extension 'ignore_ament_install'
[2.321s] Level 1:colcon.colcon_core.package_identification:_identify(.) by extensions ['colcon_pkg']
[2.321s] Level 1:colcon.colcon_core.package_identification:_identify(.) by extension 'colcon_pkg'
[2.322s] Level 1:colcon.colcon_core.package_identification:_identify(.) by extensions ['colcon_meta']
[2.322s] Level 1:colcon.colcon_core.package_identification:_identify(.) by extension 'colcon_meta'
[2.322s] Level 1:colcon.colcon_core.package_identification:_identify(.) by extensions ['ros']
[2.323s] Level 1:colcon.colcon_core.package_identification:_identify(.) by extension 'ros'
[2.385s] Level 1:colcon.colcon_core.package_identification:_identify(.) by extensions ['cmake', 'python']
[2.385s] Level 1:colcon.colcon_core.package_identification:_identify(.) by extension 'cmake'
[2.386s] Level 1:colcon.colcon_core.package_identification:_identify(.) by extension 'python'
[2.386s] Level 1:colcon.colcon_core.package_identification:_identify(.) by extensions ['python_setup_py']
[2.386s] Level 1:colcon.colcon_core.package_identification:_identify(.) by extension 'python_setup_py'
[2.387s] Level 1:colcon.colcon_core.package_identification:_identify(build) by extensions ['ignore', 'ignore_ament_install']
[2.388s] Level 1:colcon.colcon_core.package_identification:_identify(build) by extension 'ignore'
[2.389s] Level 1:colcon.colcon_core.package_identification:_identify(build) ignored
[2.390s] Level 1:colcon.colcon_core.package_identification:_identify(install) by extensions ['ignore', 'ignore_ament_install']
[2.390s] Level 1:colcon.colcon_core.package_identification:_identify(install) by extension 'ignore'
[2.391s] Level 1:colcon.colcon_core.package_identification:_identify(install) ignored
[2.392s] Level 1:colcon.colcon_core.package_identification:_identify(log) by extensions ['ignore', 'ignore_ament_install']
[2.393s] Level 1:colcon.colcon_core.package_identification:_identify(log) by extension 'ignore'
[2.393s] Level 1:colcon.colcon_core.package_identification:_identify(log) ignored
[2.395s] Level 1:colcon.colcon_core.package_identification:_identify(src) by extensions ['ignore', 'ignore_ament_install']
[2.395s] Level 1:colcon.colcon_core.package_identification:_identify(src) by extension 'ignore'
[2.396s] Level 1:colcon.colcon_core.package_identification:_identify(src) by extension 'ignore_ament_install'
[2.397s] Level 1:colcon.colcon_core.package_identification:_identify(src) by extensions ['colcon_pkg']
[2.397s] Level 1:colcon.colcon_core.package_identification:_identify(src) by extension 'colcon_pkg'
[2.398s] Level 1:colcon.colcon_core.package_identification:_identify(src) by extensions ['colcon_meta']
[2.399s] Level 1:colcon.colcon_core.package_identification:_identify(src) by extension 'colcon_meta'
[2.399s] Level 1:colcon.colcon_core.package_identification:_identify(src) by extensions ['ros']
[2.400s] Level 1:colcon.colcon_core.package_identification:_identify(src) by extension 'ros'
[2.400s] Level 1:colcon.colcon_core.package_identification:_identify(src) by extensions ['cmake', 'python']
[2.401s] Level 1:colcon.colcon_core.package_identification:_identify(src) by extension 'cmake'
[2.401s] Level 1:colcon.colcon_core.package_identification:_identify(src) by extension 'python'
[2.401s] Level 1:colcon.colcon_core.package_identification:_identify(src) by extensions ['python_setup_py']
[2.402s] Level 1:colcon.colcon_core.package_identification:_identify(src) by extension 'python_setup_py'
[2.402s] Level 1:colcon.colcon_core.package_identification:_identify(src/gripper_control) by extensions ['ignore', 'ignore_ament_install']
[2.403s] Level 1:colcon.colcon_core.package_identification:_identify(src/gripper_control) by extension 'ignore'
[2.404s] Level 1:colcon.colcon_core.package_identification:_identify(src/gripper_control) by extension 'ignore_ament_install'
[2.404s] Level 1:colcon.colcon_core.package_identification:_identify(src/gripper_control) by extensions ['colcon_pkg']
[2.404s] Level 1:colcon.colcon_core.package_identification:_identify(src/gripper_control) by extension 'colcon_pkg'
[2.405s] Level 1:colcon.colcon_core.package_identification:_identify(src/gripper_control) by extensions ['colcon_meta']
[2.405s] Level 1:colcon.colcon_core.package_identification:_identify(src/gripper_control) by extension 'colcon_meta'
[2.405s] Level 1:colcon.colcon_core.package_identification:_identify(src/gripper_control) by extensions ['ros']
[2.406s] Level 1:colcon.colcon_core.package_identification:_identify(src/gripper_control) by extension 'ros'
[2.417s] DEBUG:colcon.colcon_core.package_identification:Package 'src/gripper_control' with type 'ros.ament_python' and name 'gripper_control'
[2.418s] Level 1:colcon.colcon_core.package_discovery:discover_packages(recursive) using defaults
[2.419s] Level 1:colcon.colcon_core.package_discovery:discover_packages(ignore) discover
[2.420s] Level 1:colcon.colcon_core.package_discovery:discover_packages(ignore) using defaults
[2.420s] Level 1:colcon.colcon_core.package_discovery:discover_packages(path) discover
[2.421s] Level 1:colcon.colcon_core.package_discovery:discover_packages(path) using defaults
[2.545s] Level 1:colcon.colcon_core.package_discovery:discover_packages(prefix_path) check parameters
[2.545s] Level 1:colcon.colcon_core.package_discovery:discover_packages(prefix_path) discover
[2.612s] DEBUG:colcon.colcon_installed_package_information.package_discovery:Found 304 installed packages in /opt/ros/humble
[2.620s] Level 1:colcon.colcon_core.package_discovery:discover_packages(prefix_path) using defaults
[2.975s] Level 5:colcon.colcon_core.verb:set package 'gripper_control' build argument 'cmake_args' from command line to 'None'
[2.976s] Level 5:colcon.colcon_core.verb:set package 'gripper_control' build argument 'cmake_target' from command line to 'None'
[2.976s] Level 5:colcon.colcon_core.verb:set package 'gripper_control' build argument 'cmake_target_skip_unavailable' from command line to 'False'
[2.977s] Level 5:colcon.colcon_core.verb:set package 'gripper_control' build argument 'cmake_clean_cache' from command line to 'False'
[2.978s] Level 5:colcon.colcon_core.verb:set package 'gripper_control' build argument 'cmake_clean_first' from command line to 'False'
[2.978s] Level 5:colcon.colcon_core.verb:set package 'gripper_control' build argument 'cmake_force_configure' from command line to 'False'
[2.978s] Level 5:colcon.colcon_core.verb:set package 'gripper_control' build argument 'ament_cmake_args' from command line to 'None'
[2.979s] Level 5:colcon.colcon_core.verb:set package 'gripper_control' build argument 'catkin_cmake_args' from command line to 'None'
[2.979s] Level 5:colcon.colcon_core.verb:set package 'gripper_control' build argument 'catkin_skip_building_tests' from command line to 'False'
[2.979s] DEBUG:colcon.colcon_core.verb:Building package 'gripper_control' with the following arguments: {'ament_cmake_args': None, 'build_base': '/home/jonathan/gripper/build/gripper_control', 'catkin_cmake_args': None, 'catkin_skip_building_tests': False, 'cmake_args': None, 'cmake_clean_cache': False, 'cmake_clean_first': False, 'cmake_force_configure': False, 'cmake_target': None, 'cmake_target_skip_unavailable': False, 'install_base': '/home/jonathan/gripper/install/gripper_control', 'merge_install': False, 'path': '/home/jonathan/gripper/src/gripper_control', 'symlink_install': False, 'test_result_base': None}
[2.981s] INFO:colcon.colcon_core.executor:Executing jobs using 'parallel' executor
[2.987s] DEBUG:colcon.colcon_parallel_executor.executor.parallel:run_until_complete
[2.989s] INFO:colcon.colcon_ros.task.ament_python.build:Building ROS package in '/home/jonathan/gripper/src/gripper_control' with build type 'ament_python'
[2.990s] Level 1:colcon.colcon_core.shell:create_environment_hook('gripper_control', 'ament_prefix_path')
[3.012s] INFO:colcon.colcon_core.plugin_system:Skipping extension 'colcon_core.shell.bat': Not used on non-Windows systems
[3.014s] INFO:colcon.colcon_core.shell:Creating environment hook '/home/jonathan/gripper/install/gripper_control/share/gripper_control/hook/ament_prefix_path.ps1'
[3.021s] INFO:colcon.colcon_core.shell:Creating environment descriptor '/home/jonathan/gripper/install/gripper_control/share/gripper_control/hook/ament_prefix_path.dsv'
[3.027s] INFO:colcon.colcon_core.shell:Creating environment hook '/home/jonathan/gripper/install/gripper_control/share/gripper_control/hook/ament_prefix_path.sh'
[3.034s] INFO:colcon.colcon_core.shell:Skip shell extension 'powershell' for command environment: Not usable outside of PowerShell
[3.035s] DEBUG:colcon.colcon_core.shell:Skip shell extension 'dsv' for command environment
[5.645s] INFO:colcon.colcon_core.task.python.build:Building Python package in '/home/jonathan/gripper/src/gripper_control'
[5.646s] INFO:colcon.colcon_core.shell:Skip shell extension 'powershell' for command environment: Not usable outside of PowerShell
[5.646s] DEBUG:colcon.colcon_core.shell:Skip shell extension 'dsv' for command environment
[8.602s] DEBUG:colcon.colcon_core.event_handler.log_command:Invoking command in '/home/jonathan/gripper/src/gripper_control': PYTHONPATH=/home/jonathan/gripper/build/gripper_control/prefix_override:/usr/lib/python3/dist-packages/colcon_core/task/python/colcon_distutils_commands:/home/jonathan/gripper/install/gripper_control/lib/python3.10/site-packages:${PYTHONPATH} /usr/bin/python3 -W ignore:setup.py install is deprecated -W ignore:easy_install command is deprecated setup.py egg_info --egg-base ../../build/gripper_control build --build-base /home/jonathan/gripper/build/gripper_control/build install --record /home/jonathan/gripper/build/gripper_control/install.log --single-version-externally-managed install_data
[11.354s] Level 1:colcon.colcon_core.environment:checking '/home/jonathan/gripper/install/gripper_control' for CMake module files
[11.593s] DEBUG:colcon.colcon_core.event_handler.log_command:Invoked command in '/home/jonathan/gripper/src/gripper_control' returned '0': PYTHONPATH=/home/jonathan/gripper/build/gripper_control/prefix_override:/usr/lib/python3/dist-packages/colcon_core/task/python/colcon_distutils_commands:/home/jonathan/gripper/install/gripper_control/lib/python3.10/site-packages:${PYTHONPATH} /usr/bin/python3 -W ignore:setup.py install is deprecated -W ignore:easy_install command is deprecated setup.py egg_info --egg-base ../../build/gripper_control build --build-base /home/jonathan/gripper/build/gripper_control/build install --record /home/jonathan/gripper/build/gripper_control/install.log --single-version-externally-managed install_data
[11.603s] Level 1:colcon.colcon_core.environment:checking '/home/jonathan/gripper/install/gripper_control' for CMake config files
[11.609s] Level 1:colcon.colcon_core.environment:checking '/home/jonathan/gripper/install/gripper_control/lib'
[11.611s] Level 1:colcon.colcon_core.environment:checking '/home/jonathan/gripper/install/gripper_control/bin'
[11.611s] Level 1:colcon.colcon_core.environment:checking '/home/jonathan/gripper/install/gripper_control/lib/pkgconfig/gripper_control.pc'
[11.613s] Level 1:colcon.colcon_core.environment:checking '/home/jonathan/gripper/install/gripper_control/lib/python3.10/site-packages'
[11.614s] Level 1:colcon.colcon_core.shell:create_environment_hook('gripper_control', 'pythonpath')
[11.614s] INFO:colcon.colcon_core.shell:Creating environment hook '/home/jonathan/gripper/install/gripper_control/share/gripper_control/hook/pythonpath.ps1'
[11.617s] INFO:colcon.colcon_core.shell:Creating environment descriptor '/home/jonathan/gripper/install/gripper_control/share/gripper_control/hook/pythonpath.dsv'
[11.621s] INFO:colcon.colcon_core.shell:Creating environment hook '/home/jonathan/gripper/install/gripper_control/share/gripper_control/hook/pythonpath.sh'
[11.628s] Level 1:colcon.colcon_core.environment:checking '/home/jonathan/gripper/install/gripper_control/bin'
[11.628s] Level 1:colcon.colcon_core.environment:create_environment_scripts_only(gripper_control)
[11.633s] INFO:colcon.colcon_core.shell:Creating package script '/home/jonathan/gripper/install/gripper_control/share/gripper_control/package.ps1'
[11.639s] INFO:colcon.colcon_core.shell:Creating package descriptor '/home/jonathan/gripper/install/gripper_control/share/gripper_control/package.dsv'
[11.643s] INFO:colcon.colcon_core.shell:Creating package script '/home/jonathan/gripper/install/gripper_control/share/gripper_control/package.sh'
[11.648s] INFO:colcon.colcon_core.shell:Creating package script '/home/jonathan/gripper/install/gripper_control/share/gripper_control/package.bash'
[11.652s] INFO:colcon.colcon_core.shell:Creating package script '/home/jonathan/gripper/install/gripper_control/share/gripper_control/package.zsh'
[11.656s] Level 1:colcon.colcon_core.environment:create_file_with_runtime_dependencies(/home/jonathan/gripper/install/gripper_control/share/colcon-core/packages/gripper_control)
[11.661s] DEBUG:colcon.colcon_parallel_executor.executor.parallel:closing loop
[11.663s] DEBUG:colcon.colcon_parallel_executor.executor.parallel:loop closed
[11.663s] DEBUG:colcon.colcon_parallel_executor.executor.parallel:run_until_complete finished with '0'
[11.663s] DEBUG:colcon.colcon_core.event_reactor:joining thread
[11.695s] INFO:colcon.colcon_core.plugin_system:Skipping extension 'colcon_notification.desktop_notification.terminal_notifier': Not used on non-Darwin systems
[11.697s] INFO:colcon.colcon_core.plugin_system:Skipping extension 'colcon_notification.desktop_notification.win32': Not used on non-Windows systems
[11.698s] INFO:colcon.colcon_notification.desktop_notification:Sending desktop notification using 'notify2'
[11.851s] DEBUG:colcon.colcon_core.event_reactor:joined thread
[11.853s] INFO:colcon.colcon_core.shell:Creating prefix script '/home/jonathan/gripper/install/local_setup.ps1'
[11.860s] INFO:colcon.colcon_core.shell:Creating prefix util module '/home/jonathan/gripper/install/_local_setup_util_ps1.py'
[11.876s] INFO:colcon.colcon_core.shell:Creating prefix chain script '/home/jonathan/gripper/install/setup.ps1'
[11.887s] INFO:colcon.colcon_core.shell:Creating prefix script '/home/jonathan/gripper/install/local_setup.sh'
[11.892s] INFO:colcon.colcon_core.shell:Creating prefix util module '/home/jonathan/gripper/install/_local_setup_util_sh.py'
[11.899s] INFO:colcon.colcon_core.shell:Creating prefix chain script '/home/jonathan/gripper/install/setup.sh'
[11.906s] INFO:colcon.colcon_core.shell:Creating prefix script '/home/jonathan/gripper/install/local_setup.bash'
[11.911s] INFO:colcon.colcon_core.shell:Creating prefix chain script '/home/jonathan/gripper/install/setup.bash'
[11.919s] INFO:colcon.colcon_core.shell:Creating prefix script '/home/jonathan/gripper/install/local_setup.zsh'
[11.924s] INFO:colcon.colcon_core.shell:Creating prefix chain script '/home/jonathan/gripper/install/setup.zsh'
