[4.140s] Invoking command in '/home/jonathan/gripper/src/gripper_control': PYTHONPATH=/home/jonathan/gripper/build/gripper_control/prefix_override:/usr/lib/python3/dist-packages/colcon_core/task/python/colcon_distutils_commands:/home/jonathan/gripper/install/gripper_control/lib/python3.10/site-packages:${PYTHONPATH} /usr/bin/python3 -W ignore:setup.py install is deprecated -W ignore:easy_install command is deprecated setup.py egg_info --egg-base ../../build/gripper_control build --build-base /home/jonathan/gripper/build/gripper_control/build install --record /home/jonathan/gripper/build/gripper_control/install.log --single-version-externally-managed install_data
[5.341s] running egg_info
[5.343s] writing ../../build/gripper_control/gripper_control.egg-info/PKG-INFO
[5.345s] writing dependency_links to ../../build/gripper_control/gripper_control.egg-info/dependency_links.txt
[5.346s] writing entry points to ../../build/gripper_control/gripper_control.egg-info/entry_points.txt
[5.347s] writing requirements to ../../build/gripper_control/gripper_control.egg-info/requires.txt
[5.348s] writing top-level names to ../../build/gripper_control/gripper_control.egg-info/top_level.txt
[5.356s] reading manifest file '../../build/gripper_control/gripper_control.egg-info/SOURCES.txt'
[5.362s] writing manifest file '../../build/gripper_control/gripper_control.egg-info/SOURCES.txt'
[5.362s] running build
[5.363s] running build_py
[5.363s] copying gripper_control/servo_controller.py -> /home/jonathan/gripper/build/gripper_control/build/lib/gripper_control
[5.365s] copying gripper_control/servo_control_node.py -> /home/jonathan/gripper/build/gripper_control/build/lib/gripper_control
[5.367s] running install
[5.372s] running install_lib
[5.375s] copying /home/jonathan/gripper/build/gripper_control/build/lib/gripper_control/servo_controller.py -> /home/jonathan/gripper/install/gripper_control/lib/python3.10/site-packages/gripper_control
[5.379s] copying /home/jonathan/gripper/build/gripper_control/build/lib/gripper_control/servo_control_node.py -> /home/jonathan/gripper/install/gripper_control/lib/python3.10/site-packages/gripper_control
[5.380s] byte-compiling /home/jonathan/gripper/install/gripper_control/lib/python3.10/site-packages/gripper_control/servo_controller.py to servo_controller.cpython-310.pyc
[5.385s] byte-compiling /home/jonathan/gripper/install/gripper_control/lib/python3.10/site-packages/gripper_control/servo_control_node.py to servo_control_node.cpython-310.pyc
[5.388s] running install_data
[5.389s] copying launch/gripper.launch.py -> /home/jonathan/gripper/install/gripper_control/share/gripper_control/launch
[5.390s] running install_egg_info
[5.402s] removing '/home/jonathan/gripper/install/gripper_control/lib/python3.10/site-packages/gripper_control-0.0.1-py3.10.egg-info' (and everything under it)
[5.404s] Copying ../../build/gripper_control/gripper_control.egg-info to /home/jonathan/gripper/install/gripper_control/lib/python3.10/site-packages/gripper_control-0.0.1-py3.10.egg-info
[5.413s] running install_scripts
[5.495s] Installing servo_control_node script to /home/jonathan/gripper/install/gripper_control/lib/gripper_control
[5.497s] Installing servo_controller script to /home/jonathan/gripper/install/gripper_control/lib/gripper_control
[5.498s] writing list of installed files to '/home/jonathan/gripper/build/gripper_control/install.log'
[5.633s] Invoked command in '/home/jonathan/gripper/src/gripper_control' returned '0': PYTHONPATH=/home/jonathan/gripper/build/gripper_control/prefix_override:/usr/lib/python3/dist-packages/colcon_core/task/python/colcon_distutils_commands:/home/jonathan/gripper/install/gripper_control/lib/python3.10/site-packages:${PYTHONPATH} /usr/bin/python3 -W ignore:setup.py install is deprecated -W ignore:easy_install command is deprecated setup.py egg_info --egg-base ../../build/gripper_control build --build-base /home/jonathan/gripper/build/gripper_control/build install --record /home/jonathan/gripper/build/gripper_control/install.log --single-version-externally-managed install_data
